[26892:19192:0923/132611.581:WARNING:chrome_main_delegate.cc(742)] This is Chrome version 128.0.6613.138 (not a warning)
[26892:19192:0923/132611.596:WARNING:chrome_command_line_pref_store.cc(121)] Additional command-line proxy switches specified when --no-proxy-server was also specified.
[26892:19192:0923/132611.596:WARNING:chrome_command_line_pref_store.cc(121)] Additional command-line proxy switches specified when --no-proxy-server was also specified.
[26892:19192:0923/132611.649:INFO:chrome_browser_cloud_management_controller.cc(196)] No machine level policy manager exists.
[26892:19192:0923/132611.660:WARNING:chrome_command_line_pref_store.cc(121)] Additional command-line proxy switches specified when --no-proxy-server was also specified.
[29688:4872:0923/132611.870:INFO:cpu_info.cc(53)] Available number of cores: 8
[28760:22320:0923/132611.898:INFO:cpu_info.cc(53)] Available number of cores: 8
[28856:17296:0923/132612.190:INFO:cpu_info.cc(53)] Available number of cores: 8
[13964:25760:0923/132612.847:INFO:cpu_info.cc(53)] Available number of cores: 8
[26892:19192:0923/132613.044:INFO:CONSOLE(0)] "Refused to execute script from 'https://stackpath.bootstrapcdn.com/bootstrap/4.3.1/css/bootstrap.min.css' because its MIME type ('text/css') is not executable, and strict MIME type checking is enabled.", source: https://crio-qkart-frontend-qa.vercel.app/ (0)
[26892:19192:0923/132613.592:INFO:CONSOLE(1535)] "[object HTMLButtonElement]", source:  (1535)
[26892:19192:0923/132613.707:INFO:CONSOLE(1535)] "[object HTMLInputElement]", source:  (1535)
[26892:19192:0923/132613.760:INFO:CONSOLE(0)] "[DOM] Password field is not contained in a form: (More info: https://goo.gl/9p2vKq) %o", source: https://crio-qkart-frontend-qa.vercel.app/register (0)
[26892:19192:0923/132613.760:INFO:CONSOLE(0)] "[DOM] Password field is not contained in a form: (More info: https://goo.gl/9p2vKq) %o", source: https://crio-qkart-frontend-qa.vercel.app/register (0)
[26892:19192:0923/132613.892:INFO:CONSOLE(1535)] "[object HTMLInputElement]", source:  (1535)
[26892:19192:0923/132614.014:INFO:CONSOLE(1535)] "[object HTMLInputElement]", source:  (1535)
[26892:19192:0923/132614.124:INFO:CONSOLE(1535)] "[object HTMLButtonElement]", source:  (1535)
[26892:19192:0923/132618.603:INFO:CONSOLE(0)] "[DOM] Password field is not contained in a form: (More info: https://goo.gl/9p2vKq) %o", source: https://crio-qkart-frontend-qa.vercel.app/login (0)
[29140:8564:0923/132621.718:WARNING:spdy_session.cc(2985)] Received HEADERS for invalid stream 7
[26892:19192:0923/132624.255:INFO:CONSOLE(1535)] "[object HTMLInputElement]", source:  (1535)
[26892:19192:0923/132624.358:INFO:CONSOLE(1535)] "[object HTMLInputElement]", source:  (1535)
[26892:19192:0923/132624.457:INFO:CONSOLE(1535)] "[object HTMLButtonElement]", source:  (1535)
[26892:19192:0923/132634.644:INFO:CONSOLE(0)] "Refused to execute script from 'https://stackpath.bootstrapcdn.com/bootstrap/4.3.1/css/bootstrap.min.css' because its MIME type ('text/css') is not executable, and strict MIME type checking is enabled.", source: https://crio-qkart-frontend-qa.vercel.app/ (0)
[26892:19192:0923/132635.028:INFO:CONSOLE(1535)] "[object HTMLInputElement]", source:  (1535)
[26892:19192:0923/132645.270:INFO:CONSOLE(1535)] "[object HTMLParagraphElement]", source:  (1535)
[26892:19192:0923/132700.907:INFO:CONSOLE(1535)] "[object HTMLButtonElement]", source:  (1535)
[26892:19192:0923/132710.985:INFO:CONSOLE(1535)] "[object HTMLParagraphElement]", source:  (1535)
[26892:19192:0923/132711.016:INFO:CONSOLE(1535)] "[object HTMLParagraphElement]", source:  (1535)
[26892:19192:0923/132716.062:INFO:CONSOLE(1535)] "[object HTMLParagraphElement]", source:  (1535)
[26892:19192:0923/132716.108:INFO:CONSOLE(1535)] "[object HTMLParagraphElement]", source:  (1535)
[26892:19192:0923/132716.140:INFO:CONSOLE(1535)] "[object HTMLParagraphElement]", source:  (1535)
[26892:19192:0923/132716.171:INFO:CONSOLE(1535)] "[object HTMLParagraphElement]", source:  (1535)
[26892:19192:0923/132716.202:INFO:CONSOLE(1535)] "[object HTMLParagraphElement]", source:  (1535)
[26892:19192:0923/132716.234:INFO:CONSOLE(1535)] "[object HTMLParagraphElement]", source:  (1535)
[26892:19192:0923/132716.269:INFO:CONSOLE(1535)] "[object HTMLParagraphElement]", source:  (1535)
[26892:19192:0923/132716.297:INFO:CONSOLE(1535)] "[object HTMLParagraphElement]", source:  (1535)
[26892:19192:0923/132716.329:INFO:CONSOLE(1535)] "[object HTMLParagraphElement]", source:  (1535)
[26892:19192:0923/132721.654:INFO:CONSOLE(1535)] "[object HTMLButtonElement]", source:  (1535)
[26892:19192:0923/132726.803:INFO:CONSOLE(1535)] "[object HTMLButtonElement]", source:  (1535)
[26892:19192:0923/132726.950:INFO:CONSOLE(0)] "Refused to execute script from 'https://stackpath.bootstrapcdn.com/bootstrap/4.3.1/css/bootstrap.min.css' because its MIME type ('text/css') is not executable, and strict MIME type checking is enabled.", source: https://crio-qkart-frontend-qa.vercel.app/ (0)
[29140:17052:0923/132727.314:WARNING:sqlite_persistent_store_backend_base.cc(198)] Failed to post task from FlushAndNotifyInBackground@net\extras\sqlite\sqlite_persistent_store_backend_base.cc:248 to client_task_runner_.
[29140:17052:0923/132727.314:WARNING:sqlite_persistent_store_backend_base.cc(198)] Failed to post task from FlushAndNotifyInBackground@net\extras\sqlite\sqlite_persistent_store_backend_base.cc:248 to client_task_runner_.
